0 info it worked if it ends with ok
1 verbose cli [ 'D:\\bndes-java-env\\nodejs\\node-v6.10.1-win-x64\\node.exe',
1 verbose cli   'D:\\bndes-java-env\\nodejs\\node-v6.10.1-win-x64\\node_modules\\npm\\bin\\npm-cli.js',
1 verbose cli   'start' ]
2 info using npm@3.10.10
3 info using node@v6.10.1
4 verbose run-script [ 'prestart', 'start', 'poststart' ]
5 info lifecycle sap-tb-connector@0.0.0~prestart: sap-tb-connector@0.0.0
6 silly lifecycle sap-tb-connector@0.0.0~prestart: no script for prestart, continuing
7 info lifecycle sap-tb-connector@0.0.0~start: sap-tb-connector@0.0.0
8 verbose lifecycle sap-tb-connector@0.0.0~start: unsafe-perm in lifecycle true
9 verbose lifecycle sap-tb-connector@0.0.0~start: PATH: D:\bndes-java-env\nodejs\node-v6.10.1-win-x64\node_modules\npm\bin\node-gyp-bin;D:\git.repo\trubudget-bndes\node_modules\.bin;%SystemRoot%\system32\WindowsPowerShell\v1.0\;C:\Program Files (x86)\Borland\Delphi7\Bin;C:\Program Files (x86)\Borland\Delphi7\Projects\Bpl\;d:\oracle\product\11.2.0\client_1\bin;d:\oracle\instantclient_11_2\bin;C:\ProgramData\Oracle\Java\javapath;C:\Informatica\9.1.0\DataTransformation\bin;C:\Informatica\9.1.0\clients\tools\datadirect;C:\Informatica\9.1.0\clients\DeveloperClient\bin;C:\Informatica\9.1.0\clients\java\jre\bin\server;;C:\IBM\db2cmv8\Client\;C:\IBM\RationalSDLC\common;C:\IBM\RationalSDLC\Clearquest\cqcli\bin;C:\Windows;C:\Windows\system;C:\Windows\system32;C:\Windows\System32\Wbem;C:\Windows\System32\WindowsPowerShell\v1.0\;C:\Program Files\Intel\DMIX;C:\BNDES\AmbienteCS;C:\Program Files (x86)\Sudowin\Clients\Console;C:\Program Files (x86)\IBM\gsk8\lib;C:\Program Files (x86)\IBM\gsk8\bin;C:\IBM\RationalSDLC\ClearCase\bin;C:\IBM\SQLLIB\BIN;C:\IBM\SQLLIB\FUNCTION;C:\Program Files (x86)\Microsoft SQL Server\100\Tools\Binn\;C:\Program Files\Microsoft SQL Server\100\Tools\Binn\;C:\Program Files\Microsoft SQL Server\100\DTS\Binn\;C:\Program Files (x86)\Microsoft SQL Server\100\Tools\Binn\VSShell\Common7\IDE\;C:\Program Files (x86)\Microsoft SQL Server\100\DTS\Binn\;C:\Program Files (x86)\Microsoft SQL Server\100\Tools\Binn\VSShell\Common7\IDE\;C:\Program Files (x86)\Intel\OpenCL SDK\2.0\bin\x86;C:\Program Files (x86)\Intel\OpenCL SDK\2.0\bin\x64;C:\Windows\System32\WindowsPowerShell\v1.0\;C:\Program Files\TortoiseGit\bin;C:\Program Files\Git\cmd;D:\bndes-java-env\jdk\jdk1.8.0_112\bin;D:\Users\JOSEJ\Downloads\PortableGit\usr\bin;D:\bndes-java-env\nodejs\node-v6.10.1-win-x64;D:\bndes-java-env\android-sdk-tools-windows\tools;D:\bndes-java-env\android-sdk-tools-windows\platform-tools;D:\Ferramentas\gradle-3.5\bin;D:\bndes-java-env\git\cmd;D:\Users\JOSEJ\Downloads\mongodb-win32-x86_64-2008plus-ssl-4.0.4\bin;D:\Ferramentas;C:\Program Files\Docker Toolbox
10 verbose lifecycle sap-tb-connector@0.0.0~start: CWD: D:\git.repo\trubudget-bndes
11 silly lifecycle sap-tb-connector@0.0.0~start: Args: [ '/d /s /c', 'node TRUW001A.js' ]
12 silly lifecycle sap-tb-connector@0.0.0~start: Returned: code: 1  signal: null
13 info lifecycle sap-tb-connector@0.0.0~start: Failed to exec start script
14 verbose stack Error: sap-tb-connector@0.0.0 start: `node TRUW001A.js`
14 verbose stack Exit status 1
14 verbose stack     at EventEmitter.<anonymous> (D:\bndes-java-env\nodejs\node-v6.10.1-win-x64\node_modules\npm\lib\utils\lifecycle.js:255:16)
14 verbose stack     at emitTwo (events.js:106:13)
14 verbose stack     at EventEmitter.emit (events.js:191:7)
14 verbose stack     at ChildProcess.<anonymous> (D:\bndes-java-env\nodejs\node-v6.10.1-win-x64\node_modules\npm\lib\utils\spawn.js:40:14)
14 verbose stack     at emitTwo (events.js:106:13)
14 verbose stack     at ChildProcess.emit (events.js:191:7)
14 verbose stack     at maybeClose (internal/child_process.js:886:16)
14 verbose stack     at Process.ChildProcess._handle.onexit (internal/child_process.js:226:5)
15 verbose pkgid sap-tb-connector@0.0.0
16 verbose cwd D:\git.repo\trubudget-bndes
17 error Windows_NT 6.1.7601
18 error argv "D:\\bndes-java-env\\nodejs\\node-v6.10.1-win-x64\\node.exe" "D:\\bndes-java-env\\nodejs\\node-v6.10.1-win-x64\\node_modules\\npm\\bin\\npm-cli.js" "start"
19 error node v6.10.1
20 error npm  v3.10.10
21 error code ELIFECYCLE
22 error sap-tb-connector@0.0.0 start: `node TRUW001A.js`
22 error Exit status 1
23 error Failed at the sap-tb-connector@0.0.0 start script 'node TRUW001A.js'.
23 error Make sure you have the latest version of node.js and npm installed.
23 error If you do, this is most likely a problem with the sap-tb-connector package,
23 error not with npm itself.
23 error Tell the author that this fails on your system:
23 error     node TRUW001A.js
23 error You can get information on how to open an issue for this project with:
23 error     npm bugs sap-tb-connector
23 error Or if that isn't available, you can get their info via:
23 error     npm owner ls sap-tb-connector
23 error There is likely additional logging output above.
24 verbose exit [ 1, true ]
